<?xml version="1.0" encoding="UTF-8"?>
<testng-results ignored="0" total="1" passed="1" failed="0" skipped="0">
  <reporter-output>
  </reporter-output>
  <suite started-at="2022-09-30T14:23:35 IST" name="Default suite" finished-at="2022-09-30T14:23:35 IST" duration-ms="70">
    <groups>
    </groups>
    <test started-at="2022-09-30T14:23:35 IST" name="Default test" finished-at="2022-09-30T14:23:35 IST" duration-ms="70">
      <class name="GitHubActions.Practice.AppTest">
        <test-method signature="testApp()[pri:0, instance:GitHubActions.Practice.AppTest@3943a2be]" started-at="2022-09-30T14:23:35 IST" name="testApp" finished-at="2022-09-30T14:23:35 IST" duration-ms="14" status="PASS">
          <reporter-output>
          </reporter-output>
        </test-method> <!-- testApp -->
      </class> <!-- GitHubActions.Practice.AppTest -->
    </test> <!-- Default test -->
  </suite> <!-- Default suite -->
</testng-results>
